<?xml version="1.0" encoding="UTF-8"?>
<!-- Generated by org.testng.reporters.JUnitXMLReporter -->
<testsuite ignored="1" hostname="FRANK-NRIZQ" failures="0" tests="2" name="Default test(failed)" time="0.056" errors="0" timestamp="06 Oct 2018 13:30:51 GMT">
  <testcase classname="demo.TestNGRetryFailedDemo" name="test2" time="0.012"/>
  <testcase classname="demo.TestNGRetryFailedDemo" name="test3" time="0.001"/>
  <testcase classname="demo.TestNGRetryFailedDemo" name="test1" time="0.0">
    <ignored/>
  </testcase> <!-- test1 -->
</testsuite> <!-- Default test(failed) -->
