<?xml version="1.0" encoding="UTF-8"?>
<testng-results skipped="0" failed="0" ignored="0" total="1" passed="1">
  <reporter-output>
  </reporter-output>
  <suite name="Default suite" duration-ms="18313" started-at="2019-01-24T11:08:50Z" finished-at="2019-01-24T11:09:09Z">
    <groups>
    </groups>
    <test name="Default test" duration-ms="18313" started-at="2019-01-24T11:08:50Z" finished-at="2019-01-24T11:09:09Z">
      <class name="Test1.AlwefaqSiteExample">
        <test-method status="PASS" signature="setUp()[pri:0, instance:Test1.AlwefaqSiteExample@f6c48ac]" name="setUp" is-config="true" duration-ms="160" started-at="2019-01-24T11:08:50Z" finished-at="2019-01-24T11:08:50Z">
          <reporter-output>
          </reporter-output>
        </test-method> <!-- setUp -->
        <test-method status="PASS" signature="setUpTest()[pri:0, instance:Test1.AlwefaqSiteExample@f6c48ac]" name="setUpTest" is-config="true" duration-ms="3838" started-at="2019-01-24T11:08:50Z" finished-at="2019-01-24T11:08:54Z">
          <reporter-output>
          </reporter-output>
        </test-method> <!-- setUpTest -->
        <test-method status="PASS" signature="test1()[pri:0, instance:Test1.AlwefaqSiteExample@f6c48ac]" name="test1" duration-ms="11760" started-at="2019-01-24T11:08:54Z" finished-at="2019-01-24T11:09:06Z">
          <reporter-output>
          </reporter-output>
        </test-method> <!-- test1 -->
        <test-method status="PASS" signature="tearDownTest()[pri:0, instance:Test1.AlwefaqSiteExample@f6c48ac]" name="tearDownTest" is-config="true" duration-ms="2696" started-at="2019-01-24T11:09:06Z" finished-at="2019-01-24T11:09:09Z">
          <reporter-output>
          </reporter-output>
        </test-method> <!-- tearDownTest -->
        <test-method status="PASS" signature="tearDown()[pri:0, instance:Test1.AlwefaqSiteExample@f6c48ac]" name="tearDown" is-config="true" duration-ms="4442" started-at="2019-01-24T11:09:09Z" finished-at="2019-01-24T11:09:13Z">
          <reporter-output>
          </reporter-output>
        </test-method> <!-- tearDown -->
      </class> <!-- Test1.AlwefaqSiteExample -->
    </test> <!-- Default test -->
  </suite> <!-- Default suite -->
</testng-results>
